2024-06-24 18:08:06,499 p=3444395 u=upszot n=ansible | [WARNING]: A duplicate localhost-like entry was found (localhost). First found localhost was 127.0.0.1

2024-06-24 18:08:06,598 p=3444395 u=upszot n=ansible | PLAY [all] **********************************************************************************************************************************************************************************************************************************
2024-06-24 18:08:06,609 p=3444395 u=upszot n=ansible | TASK [Gathering Facts] **********************************************************************************************************************************************************************************************************************
2024-06-24 18:08:07,746 p=3444395 u=upszot n=ansible | ok: [localhost]
2024-06-24 18:08:07,775 p=3444395 u=upszot n=ansible | TASK [include_role : 2do_parcial] ***********************************************************************************************************************************************************************************************************
2024-06-24 18:08:07,805 p=3444395 u=upszot n=ansible | TASK [2do_parcial : debug] ******************************************************************************************************************************************************************************************************************
2024-06-24 18:08:07,817 p=3444395 u=upszot n=ansible | ok: [localhost] => {
    "msg": "Tareas del 2do Parcial"
}
2024-06-24 18:08:07,836 p=3444395 u=upszot n=ansible | TASK [Otra tarea] ***************************************************************************************************************************************************************************************************************************
2024-06-24 18:08:07,851 p=3444395 u=upszot n=ansible | ok: [localhost] => {
    "msg": "Despues de la ejecucion del rol"
}
2024-06-24 18:08:07,885 p=3444395 u=upszot n=ansible | PLAY RECAP **********************************************************************************************************************************************************************************************************************************
2024-06-24 18:08:07,885 p=3444395 u=upszot n=ansible | localhost                  : ok=3    changed=0    unreachable=0    failed=0    skipped=0    rescued=0    ignored=0   
2024-12-03 19:59:36,189 p=8022 u=Mathias n=ansible | [WARNING]: A duplicate localhost-like entry was found (localhost). First found localhost was 127.0.0.1

2024-12-03 19:59:36,329 p=8022 u=Mathias n=ansible | PLAY [all] ***************************************************************************************************************************************************
2024-12-03 19:59:36,340 p=8022 u=Mathias n=ansible | TASK [Gathering Facts] ***************************************************************************************************************************************
2024-12-03 19:59:37,404 p=8022 u=Mathias n=ansible | ok: [localhost]
2024-12-03 19:59:37,880 p=8022 u=Mathias n=ansible | ok: [127.0.0.1]
2024-12-03 19:59:37,892 p=8022 u=Mathias n=ansible | TASK [include_role : 2do_parcial] ****************************************************************************************************************************
2024-12-03 19:59:37,944 p=8022 u=Mathias n=ansible | TASK [2do_parcial : debug] ***********************************************************************************************************************************
2024-12-03 19:59:37,964 p=8022 u=Mathias n=ansible | ok: [127.0.0.1] => {
    "msg": "Tareas del 2do Parcial"
}
2024-12-03 19:59:37,969 p=8022 u=Mathias n=ansible | ok: [localhost] => {
    "msg": "Tareas del 2do Parcial"
}
2024-12-03 19:59:37,975 p=8022 u=Mathias n=ansible | TASK [Otra tarea] ********************************************************************************************************************************************
2024-12-03 19:59:37,995 p=8022 u=Mathias n=ansible | ok: [127.0.0.1] => {
    "msg": "Despues de la ejecucion del rol"
}
2024-12-03 19:59:38,000 p=8022 u=Mathias n=ansible | ok: [localhost] => {
    "msg": "Despues de la ejecucion del rol"
}
2024-12-03 19:59:38,014 p=8022 u=Mathias n=ansible | PLAY RECAP ***************************************************************************************************************************************************
2024-12-03 19:59:38,015 p=8022 u=Mathias n=ansible | 127.0.0.1                  : ok=3    changed=0    unreachable=0    failed=0    skipped=0    rescued=0    ignored=0   
2024-12-03 19:59:38,015 p=8022 u=Mathias n=ansible | localhost                  : ok=3    changed=0    unreachable=0    failed=0    skipped=0    rescued=0    ignored=0   
2024-12-03 20:22:40,299 p=8347 u=Mathias n=ansible | [WARNING]: A duplicate localhost-like entry was found (localhost). First found localhost was 127.0.0.1

2024-12-03 20:22:40,414 p=8347 u=Mathias n=ansible | PLAY [all] ***************************************************************************************************************************************************
2024-12-03 20:22:40,423 p=8347 u=Mathias n=ansible | TASK [Gathering Facts] ***************************************************************************************************************************************
2024-12-03 20:22:41,421 p=8347 u=Mathias n=ansible | ok: [localhost]
2024-12-03 20:22:42,393 p=8347 u=Mathias n=ansible | ok: [127.0.0.1]
2024-12-03 20:22:42,406 p=8347 u=Mathias n=ansible | TASK [include_role : 2do_parcial] ****************************************************************************************************************************
2024-12-03 20:22:42,451 p=8347 u=Mathias n=ansible | TASK [2do_parcial : debug] ***********************************************************************************************************************************
2024-12-03 20:22:42,467 p=8347 u=Mathias n=ansible | ok: [127.0.0.1] => {
    "msg": "Tareas del 2do Parcial"
}
2024-12-03 20:22:42,475 p=8347 u=Mathias n=ansible | ok: [localhost] => {
    "msg": "Tareas del 2do Parcial"
}
2024-12-03 20:22:42,482 p=8347 u=Mathias n=ansible | TASK [Otra tarea] ********************************************************************************************************************************************
2024-12-03 20:22:42,502 p=8347 u=Mathias n=ansible | ok: [127.0.0.1] => {
    "msg": "Despues de la ejecucion del rol"
}
2024-12-03 20:22:42,507 p=8347 u=Mathias n=ansible | ok: [localhost] => {
    "msg": "Despues de la ejecucion del rol"
}
2024-12-03 20:22:42,526 p=8347 u=Mathias n=ansible | PLAY RECAP ***************************************************************************************************************************************************
2024-12-03 20:22:42,526 p=8347 u=Mathias n=ansible | 127.0.0.1                  : ok=3    changed=0    unreachable=0    failed=0    skipped=0    rescued=0    ignored=0   
2024-12-03 20:22:42,526 p=8347 u=Mathias n=ansible | localhost                  : ok=3    changed=0    unreachable=0    failed=0    skipped=0    rescued=0    ignored=0   
2024-12-03 20:24:19,675 p=8701 u=Mathias n=ansible | [WARNING]: A duplicate localhost-like entry was found (localhost). First found localhost was 127.0.0.1

2024-12-03 20:24:19,784 p=8701 u=Mathias n=ansible | PLAY [all] ***************************************************************************************************************************************************
2024-12-03 20:24:19,792 p=8701 u=Mathias n=ansible | TASK [Gathering Facts] ***************************************************************************************************************************************
2024-12-03 20:24:20,761 p=8701 u=Mathias n=ansible | ok: [localhost]
2024-12-03 20:24:21,529 p=8701 u=Mathias n=ansible | ok: [127.0.0.1]
2024-12-03 20:24:21,543 p=8701 u=Mathias n=ansible | TASK [include_role : 2do_parcial] ****************************************************************************************************************************
2024-12-03 20:24:21,583 p=8701 u=Mathias n=ansible | TASK [2do_parcial : debug] ***********************************************************************************************************************************
2024-12-03 20:24:21,600 p=8701 u=Mathias n=ansible | ok: [127.0.0.1] => {
    "msg": "Tareas del 2do Parcial"
}
2024-12-03 20:24:21,607 p=8701 u=Mathias n=ansible | ok: [localhost] => {
    "msg": "Tareas del 2do Parcial"
}
2024-12-03 20:24:21,613 p=8701 u=Mathias n=ansible | TASK [Otra tarea] ********************************************************************************************************************************************
2024-12-03 20:24:21,628 p=8701 u=Mathias n=ansible | ok: [127.0.0.1] => {
    "msg": "Despues de la ejecucion del rol"
}
2024-12-03 20:24:21,634 p=8701 u=Mathias n=ansible | ok: [localhost] => {
    "msg": "Despues de la ejecucion del rol"
}
2024-12-03 20:24:21,647 p=8701 u=Mathias n=ansible | PLAY RECAP ***************************************************************************************************************************************************
2024-12-03 20:24:21,648 p=8701 u=Mathias n=ansible | 127.0.0.1                  : ok=3    changed=0    unreachable=0    failed=0    skipped=0    rescued=0    ignored=0   
2024-12-03 20:24:21,648 p=8701 u=Mathias n=ansible | localhost                  : ok=3    changed=0    unreachable=0    failed=0    skipped=0    rescued=0    ignored=0   
2024-12-03 20:26:57,968 p=8996 u=Mathias n=ansible | [WARNING]: A duplicate localhost-like entry was found (localhost). First found localhost was 127.0.0.1

2024-12-03 20:26:58,077 p=8996 u=Mathias n=ansible | PLAY [all] ***************************************************************************************************************************************************
2024-12-03 20:26:58,084 p=8996 u=Mathias n=ansible | TASK [Gathering Facts] ***************************************************************************************************************************************
2024-12-03 20:26:59,094 p=8996 u=Mathias n=ansible | ok: [localhost]
2024-12-03 20:26:59,778 p=8996 u=Mathias n=ansible | ok: [127.0.0.1]
2024-12-03 20:26:59,791 p=8996 u=Mathias n=ansible | TASK [include_role : 2do_parcial] ****************************************************************************************************************************
2024-12-03 20:26:59,830 p=8996 u=Mathias n=ansible | TASK [2do_parcial : debug] ***********************************************************************************************************************************
2024-12-03 20:26:59,847 p=8996 u=Mathias n=ansible | ok: [127.0.0.1] => {
    "msg": "Tareas del 2do Parcial"
}
2024-12-03 20:26:59,856 p=8996 u=Mathias n=ansible | ok: [localhost] => {
    "msg": "Tareas del 2do Parcial"
}
2024-12-03 20:26:59,863 p=8996 u=Mathias n=ansible | TASK [Otra tarea] ********************************************************************************************************************************************
2024-12-03 20:26:59,879 p=8996 u=Mathias n=ansible | ok: [127.0.0.1] => {
    "msg": "Despues de la ejecucion del rol"
}
2024-12-03 20:26:59,887 p=8996 u=Mathias n=ansible | ok: [localhost] => {
    "msg": "Despues de la ejecucion del rol"
}
2024-12-03 20:26:59,900 p=8996 u=Mathias n=ansible | PLAY RECAP ***************************************************************************************************************************************************
2024-12-03 20:26:59,901 p=8996 u=Mathias n=ansible | 127.0.0.1                  : ok=3    changed=0    unreachable=0    failed=0    skipped=0    rescued=0    ignored=0   
2024-12-03 20:26:59,901 p=8996 u=Mathias n=ansible | localhost                  : ok=3    changed=0    unreachable=0    failed=0    skipped=0    rescued=0    ignored=0   
2024-12-03 21:06:40,033 p=9408 u=Mathias n=ansible | [WARNING]: A duplicate localhost-like entry was found (localhost). First found localhost was 127.0.0.1

2024-12-03 21:06:40,121 p=9408 u=Mathias n=ansible | ERROR! the role 'crear_archivos' was not found in /home/Mathias/UTN-FRA_SO_Examenes/202406/ansible/roles:/tmp:/home/Mathias/UTN-FRA_SO_Examenes/202406:/home/Mathias/UTN-FRA_SO_Examenes/202406/ansible

The error appears to be in '/home/Mathias/UTN-FRA_SO_Examenes/202406/ansible/playbook.yml': line 6, column 7, but may
be elsewhere in the file depending on the exact syntax problem.

The offending line appears to be:

  roles:
    - crear_archivos
      ^ here

